Sender: LSF System <lsfadmin@lt08>
Subject: Job 4466095: <QC> in cluster <lila> Done

Job <QC> was submitted from host <lt19> by user <hy395> in cluster <lila> at Tue Aug 14 20:33:53 2018
Job was executed on host(s) <8*lt08>, in queue <cpuqueue>, as user <hy395> in cluster <lila> at Tue Aug 14 20:33:53 2018
</home/hy395> was used as the home directory.
</data/leslie/hy395/deconv/capselex/scripts> was used as the working directory.
Started at Tue Aug 14 20:33:53 2018
Terminated at Wed Aug 15 00:26:12 2018
Results reported at Wed Aug 15 00:26:12 2018

Your job looked like:

------------------------------------------------------------
# LSBATCH: User input
#! /bin/bash
#BSUB -J QC
#BSUB -n 8
#BSUB -R "span[ptile=8]"
#BSUB -R "rusage[mem=16]"
#BSUB -W 12:00
#BSUB -o %J.stdout
#BSUB -eo %J.stderr

cd /data/leslie/hy395/deconv/capselex
Rscript scripts/step2_QC.R

------------------------------------------------------------

Successfully completed.

Resource usage summary:

    CPU time :                                   68269.70 sec.
    Max Memory :                                 31 GB
    Average Memory :                             9.62 GB
    Total Requested Memory :                     128.00 GB
    Delta Memory :                               97.00 GB
    Max Swap :                                   -
    Max Processes :                              12
    Max Threads :                                13
    Run time :                                   13940 sec.
    Turnaround time :                            13939 sec.

The output (if any) follows:

[1] "processing 1 out of 374 experiments..."
[1] "processing 2 out of 374 experiments..."
[1] "processing 3 out of 374 experiments..."
[1] "processing 4 out of 374 experiments..."
[1] "processing 5 out of 374 experiments..."
[1] "processing 6 out of 374 experiments..."
[1] "processing 7 out of 374 experiments..."
[1] "processing 8 out of 374 experiments..."
[1] "processing 9 out of 374 experiments..."
[1] "processing 10 out of 374 experiments..."
[1] "processing 11 out of 374 experiments..."
[1] "processing 12 out of 374 experiments..."
[1] "processing 13 out of 374 experiments..."
[1] "processing 14 out of 374 experiments..."
[1] "processing 15 out of 374 experiments..."
[1] "processing 16 out of 374 experiments..."
[1] "processing 17 out of 374 experiments..."
[1] "processing 18 out of 374 experiments..."
[1] "processing 19 out of 374 experiments..."
[1] "processing 20 out of 374 experiments..."
[1] "processing 21 out of 374 experiments..."
[1] "processing 22 out of 374 experiments..."
[1] "processing 23 out of 374 experiments..."
[1] "processing 24 out of 374 experiments..."
[1] "processing 25 out of 374 experiments..."
[1] "processing 26 out of 374 experiments..."
[1] "processing 27 out of 374 experiments..."
[1] "processing 28 out of 374 experiments..."
[1] "processing 29 out of 374 experiments..."
[1] "processing 30 out of 374 experiments..."
[1] "processing 31 out of 374 experiments..."
[1] "processing 32 out of 374 experiments..."
[1] "processing 33 out of 374 experiments..."
[1] "processing 34 out of 374 experiments..."
[1] "processing 35 out of 374 experiments..."
[1] "processing 36 out of 374 experiments..."
[1] "processing 37 out of 374 experiments..."
[1] "processing 38 out of 374 experiments..."
[1] "processing 39 out of 374 experiments..."
[1] "processing 40 out of 374 experiments..."
[1] "processing 41 out of 374 experiments..."
[1] "processing 42 out of 374 experiments..."
[1] "processing 43 out of 374 experiments..."
[1] "processing 44 out of 374 experiments..."
[1] "processing 45 out of 374 experiments..."
[1] "processing 46 out of 374 experiments..."
[1] "processing 47 out of 374 experiments..."
[1] "processing 48 out of 374 experiments..."
[1] "processing 49 out of 374 experiments..."
[1] "processing 50 out of 374 experiments..."
[1] "processing 51 out of 374 experiments..."
[1] "processing 52 out of 374 experiments..."
[1] "processing 53 out of 374 experiments..."
[1] "processing 54 out of 374 experiments..."
[1] "processing 55 out of 374 experiments..."
[1] "processing 56 out of 374 experiments..."
[1] "processing 57 out of 374 experiments..."
[1] "processing 58 out of 374 experiments..."
[1] "processing 59 out of 374 experiments..."
[1] "processing 60 out of 374 experiments..."
[1] "processing 61 out of 374 experiments..."
[1] "processing 62 out of 374 experiments..."
[1] "processing 63 out of 374 experiments..."
[1] "processing 64 out of 374 experiments..."
[1] "processing 65 out of 374 experiments..."
[1] "processing 66 out of 374 experiments..."
[1] "processing 67 out of 374 experiments..."
[1] "processing 68 out of 374 experiments..."
[1] "processing 69 out of 374 experiments..."
[1] "processing 70 out of 374 experiments..."
[1] "processing 71 out of 374 experiments..."
[1] "processing 72 out of 374 experiments..."
[1] "processing 73 out of 374 experiments..."
[1] "processing 74 out of 374 experiments..."
[1] "processing 75 out of 374 experiments..."
[1] "processing 76 out of 374 experiments..."
[1] "processing 77 out of 374 experiments..."
[1] "processing 78 out of 374 experiments..."
[1] "processing 79 out of 374 experiments..."
[1] "processing 80 out of 374 experiments..."
[1] "processing 81 out of 374 experiments..."
[1] "processing 82 out of 374 experiments..."
[1] "processing 83 out of 374 experiments..."
[1] "processing 84 out of 374 experiments..."
[1] "processing 85 out of 374 experiments..."
[1] "processing 86 out of 374 experiments..."
[1] "processing 87 out of 374 experiments..."
[1] "processing 88 out of 374 experiments..."
[1] "processing 89 out of 374 experiments..."
[1] "processing 90 out of 374 experiments..."
[1] "processing 91 out of 374 experiments..."
[1] "processing 92 out of 374 experiments..."
[1] "processing 93 out of 374 experiments..."
[1] "processing 94 out of 374 experiments..."
[1] "processing 95 out of 374 experiments..."
[1] "processing 96 out of 374 experiments..."
[1] "processing 97 out of 374 experiments..."
[1] "processing 98 out of 374 experiments..."
[1] "processing 99 out of 374 experiments..."
[1] "processing 100 out of 374 experiments..."
[1] "processing 101 out of 374 experiments..."
[1] "processing 102 out of 374 experiments..."
[1] "processing 103 out of 374 experiments..."
[1] "processing 104 out of 374 experiments..."
[1] "processing 105 out of 374 experiments..."
[1] "processing 106 out of 374 experiments..."
[1] "processing 107 out of 374 experiments..."
[1] "processing 108 out of 374 experiments..."
[1] "processing 109 out of 374 experiments..."
[1] "processing 110 out of 374 experiments..."
[1] "processing 111 out of 374 experiments..."
[1] "processing 112 out of 374 experiments..."
[1] "processing 113 out of 374 experiments..."
[1] "processing 114 out of 374 experiments..."
[1] "processing 115 out of 374 experiments..."
[1] "processing 116 out of 374 experiments..."
[1] "processing 117 out of 374 experiments..."
[1] "processing 118 out of 374 experiments..."
[1] "processing 119 out of 374 experiments..."
[1] "processing 120 out of 374 experiments..."
[1] "processing 121 out of 374 experiments..."
[1] "processing 122 out of 374 experiments..."
[1] "processing 123 out of 374 experiments..."
[1] "processing 124 out of 374 experiments..."
[1] "processing 125 out of 374 experiments..."
[1] "processing 126 out of 374 experiments..."
[1] "processing 127 out of 374 experiments..."
[1] "processing 128 out of 374 experiments..."
[1] "processing 129 out of 374 experiments..."
[1] "processing 130 out of 374 experiments..."
[1] "processing 131 out of 374 experiments..."
[1] "processing 132 out of 374 experiments..."
[1] "processing 133 out of 374 experiments..."
[1] "processing 134 out of 374 experiments..."
[1] "processing 135 out of 374 experiments..."
[1] "processing 136 out of 374 experiments..."
[1] "processing 137 out of 374 experiments..."
[1] "processing 138 out of 374 experiments..."
[1] "processing 139 out of 374 experiments..."
[1] "processing 140 out of 374 experiments..."
[1] "processing 141 out of 374 experiments..."
[1] "processing 142 out of 374 experiments..."
[1] "processing 143 out of 374 experiments..."
[1] "processing 144 out of 374 experiments..."
[1] "processing 145 out of 374 experiments..."
[1] "processing 146 out of 374 experiments..."
[1] "processing 147 out of 374 experiments..."
[1] "processing 148 out of 374 experiments..."
[1] "processing 149 out of 374 experiments..."
[1] "processing 150 out of 374 experiments..."
[1] "processing 151 out of 374 experiments..."
[1] "processing 152 out of 374 experiments..."
[1] "processing 153 out of 374 experiments..."
[1] "processing 154 out of 374 experiments..."
[1] "processing 155 out of 374 experiments..."
[1] "processing 156 out of 374 experiments..."
[1] "processing 157 out of 374 experiments..."
[1] "processing 158 out of 374 experiments..."
[1] "processing 159 out of 374 experiments..."
[1] "processing 160 out of 374 experiments..."
[1] "processing 161 out of 374 experiments..."
[1] "processing 162 out of 374 experiments..."
[1] "processing 163 out of 374 experiments..."
[1] "processing 164 out of 374 experiments..."
[1] "processing 165 out of 374 experiments..."
[1] "processing 166 out of 374 experiments..."
[1] "processing 167 out of 374 experiments..."
[1] "processing 168 out of 374 experiments..."
[1] "processing 169 out of 374 experiments..."
[1] "processing 170 out of 374 experiments..."
[1] "processing 171 out of 374 experiments..."
[1] "processing 172 out of 374 experiments..."
[1] "processing 173 out of 374 experiments..."
[1] "processing 174 out of 374 experiments..."
[1] "processing 175 out of 374 experiments..."
[1] "processing 176 out of 374 experiments..."
[1] "processing 177 out of 374 experiments..."
[1] "processing 178 out of 374 experiments..."
[1] "processing 179 out of 374 experiments..."
[1] "processing 180 out of 374 experiments..."
[1] "processing 181 out of 374 experiments..."
[1] "processing 182 out of 374 experiments..."
[1] "processing 183 out of 374 experiments..."
[1] "processing 184 out of 374 experiments..."
[1] "processing 185 out of 374 experiments..."
[1] "processing 186 out of 374 experiments..."
[1] "processing 187 out of 374 experiments..."
[1] "processing 188 out of 374 experiments..."
[1] "processing 189 out of 374 experiments..."
[1] "processing 190 out of 374 experiments..."
[1] "processing 191 out of 374 experiments..."
[1] "processing 192 out of 374 experiments..."
[1] "processing 193 out of 374 experiments..."
[1] "processing 194 out of 374 experiments..."
[1] "processing 195 out of 374 experiments..."
[1] "processing 196 out of 374 experiments..."
[1] "processing 197 out of 374 experiments..."
[1] "processing 198 out of 374 experiments..."
[1] "processing 199 out of 374 experiments..."
[1] "processing 200 out of 374 experiments..."
[1] "processing 201 out of 374 experiments..."
[1] "processing 202 out of 374 experiments..."
[1] "processing 203 out of 374 experiments..."
[1] "processing 204 out of 374 experiments..."
[1] "processing 205 out of 374 experiments..."
[1] "processing 206 out of 374 experiments..."
[1] "processing 207 out of 374 experiments..."
[1] "processing 208 out of 374 experiments..."
[1] "processing 209 out of 374 experiments..."
[1] "processing 210 out of 374 experiments..."
[1] "processing 211 out of 374 experiments..."
[1] "processing 212 out of 374 experiments..."
[1] "processing 213 out of 374 experiments..."
[1] "processing 214 out of 374 experiments..."
[1] "processing 215 out of 374 experiments..."
[1] "processing 216 out of 374 experiments..."
[1] "processing 217 out of 374 experiments..."
[1] "processing 218 out of 374 experiments..."
[1] "processing 219 out of 374 experiments..."
[1] "processing 220 out of 374 experiments..."
[1] "processing 221 out of 374 experiments..."
[1] "processing 222 out of 374 experiments..."
[1] "processing 223 out of 374 experiments..."
[1] "processing 224 out of 374 experiments..."
[1] "processing 225 out of 374 experiments..."
[1] "processing 226 out of 374 experiments..."
[1] "processing 227 out of 374 experiments..."
[1] "processing 228 out of 374 experiments..."
[1] "processing 229 out of 374 experiments..."
[1] "processing 230 out of 374 experiments..."
[1] "processing 231 out of 374 experiments..."
[1] "processing 232 out of 374 experiments..."
[1] "processing 233 out of 374 experiments..."
[1] "processing 234 out of 374 experiments..."
[1] "processing 235 out of 374 experiments..."
[1] "processing 236 out of 374 experiments..."
[1] "processing 237 out of 374 experiments..."
[1] "processing 238 out of 374 experiments..."
[1] "processing 239 out of 374 experiments..."
[1] "processing 240 out of 374 experiments..."
[1] "processing 241 out of 374 experiments..."
[1] "processing 242 out of 374 experiments..."
[1] "processing 243 out of 374 experiments..."
[1] "processing 244 out of 374 experiments..."
[1] "processing 245 out of 374 experiments..."
[1] "processing 246 out of 374 experiments..."
[1] "processing 247 out of 374 experiments..."
[1] "processing 248 out of 374 experiments..."
[1] "processing 249 out of 374 experiments..."
[1] "processing 250 out of 374 experiments..."
[1] "processing 251 out of 374 experiments..."
[1] "processing 252 out of 374 experiments..."
[1] "processing 253 out of 374 experiments..."
[1] "processing 254 out of 374 experiments..."
[1] "processing 255 out of 374 experiments..."
[1] "processing 256 out of 374 experiments..."
[1] "processing 257 out of 374 experiments..."
[1] "processing 258 out of 374 experiments..."
[1] "processing 259 out of 374 experiments..."
[1] "processing 260 out of 374 experiments..."
[1] "processing 261 out of 374 experiments..."
[1] "processing 262 out of 374 experiments..."
[1] "processing 263 out of 374 experiments..."
[1] "processing 264 out of 374 experiments..."
[1] "processing 265 out of 374 experiments..."
[1] "processing 266 out of 374 experiments..."
[1] "processing 267 out of 374 experiments..."
[1] "processing 268 out of 374 experiments..."
[1] "processing 269 out of 374 experiments..."
[1] "processing 270 out of 374 experiments..."
[1] "processing 271 out of 374 experiments..."
[1] "processing 272 out of 374 experiments..."
[1] "processing 273 out of 374 experiments..."
[1] "processing 274 out of 374 experiments..."
[1] "processing 275 out of 374 experiments..."
[1] "processing 276 out of 374 experiments..."
[1] "processing 277 out of 374 experiments..."
[1] "processing 278 out of 374 experiments..."
[1] "processing 279 out of 374 experiments..."
[1] "processing 280 out of 374 experiments..."
[1] "processing 281 out of 374 experiments..."
[1] "processing 282 out of 374 experiments..."
[1] "processing 283 out of 374 experiments..."
[1] "processing 284 out of 374 experiments..."
[1] "processing 285 out of 374 experiments..."
[1] "processing 286 out of 374 experiments..."
[1] "processing 287 out of 374 experiments..."
[1] "processing 288 out of 374 experiments..."
[1] "processing 289 out of 374 experiments..."
[1] "processing 290 out of 374 experiments..."
[1] "processing 291 out of 374 experiments..."
[1] "processing 292 out of 374 experiments..."
[1] "processing 293 out of 374 experiments..."
[1] "processing 294 out of 374 experiments..."
[1] "processing 295 out of 374 experiments..."
[1] "processing 296 out of 374 experiments..."
[1] "processing 297 out of 374 experiments..."
[1] "processing 298 out of 374 experiments..."
[1] "processing 299 out of 374 experiments..."
[1] "processing 300 out of 374 experiments..."
[1] "processing 301 out of 374 experiments..."
[1] "processing 302 out of 374 experiments..."
[1] "processing 303 out of 374 experiments..."
[1] "processing 304 out of 374 experiments..."
[1] "processing 305 out of 374 experiments..."
[1] "processing 306 out of 374 experiments..."
[1] "processing 307 out of 374 experiments..."
[1] "processing 308 out of 374 experiments..."
[1] "processing 309 out of 374 experiments..."
[1] "processing 310 out of 374 experiments..."
[1] "processing 311 out of 374 experiments..."
[1] "processing 312 out of 374 experiments..."
[1] "processing 313 out of 374 experiments..."
[1] "processing 314 out of 374 experiments..."
[1] "processing 315 out of 374 experiments..."
[1] "processing 316 out of 374 experiments..."
[1] "processing 317 out of 374 experiments..."
[1] "processing 318 out of 374 experiments..."
[1] "processing 319 out of 374 experiments..."
[1] "processing 320 out of 374 experiments..."
[1] "processing 321 out of 374 experiments..."
[1] "processing 322 out of 374 experiments..."
[1] "processing 323 out of 374 experiments..."
[1] "processing 324 out of 374 experiments..."
[1] "processing 325 out of 374 experiments..."
[1] "processing 326 out of 374 experiments..."
[1] "processing 327 out of 374 experiments..."
[1] "processing 328 out of 374 experiments..."
[1] "processing 329 out of 374 experiments..."
[1] "processing 330 out of 374 experiments..."
[1] "processing 331 out of 374 experiments..."
[1] "processing 332 out of 374 experiments..."
[1] "processing 333 out of 374 experiments..."
[1] "processing 334 out of 374 experiments..."
[1] "processing 335 out of 374 experiments..."
[1] "processing 336 out of 374 experiments..."
[1] "processing 337 out of 374 experiments..."
[1] "processing 338 out of 374 experiments..."
[1] "processing 339 out of 374 experiments..."
[1] "processing 340 out of 374 experiments..."
[1] "processing 341 out of 374 experiments..."
[1] "processing 342 out of 374 experiments..."
[1] "processing 343 out of 374 experiments..."
[1] "processing 344 out of 374 experiments..."
[1] "processing 345 out of 374 experiments..."
[1] "processing 346 out of 374 experiments..."
[1] "processing 347 out of 374 experiments..."
[1] "processing 348 out of 374 experiments..."
[1] "processing 349 out of 374 experiments..."
[1] "processing 350 out of 374 experiments..."
[1] "processing 351 out of 374 experiments..."
[1] "processing 352 out of 374 experiments..."
[1] "processing 353 out of 374 experiments..."
[1] "processing 354 out of 374 experiments..."
[1] "processing 355 out of 374 experiments..."
[1] "processing 356 out of 374 experiments..."
[1] "processing 357 out of 374 experiments..."
[1] "processing 358 out of 374 experiments..."
[1] "processing 359 out of 374 experiments..."
[1] "processing 360 out of 374 experiments..."
[1] "processing 361 out of 374 experiments..."
[1] "processing 362 out of 374 experiments..."
[1] "processing 363 out of 374 experiments..."
[1] "processing 364 out of 374 experiments..."
[1] "processing 365 out of 374 experiments..."
[1] "processing 366 out of 374 experiments..."
[1] "processing 367 out of 374 experiments..."
[1] "processing 368 out of 374 experiments..."
[1] "processing 369 out of 374 experiments..."
[1] "processing 370 out of 374 experiments..."
[1] "processing 371 out of 374 experiments..."
[1] "processing 372 out of 374 experiments..."
[1] "processing 373 out of 374 experiments..."
[1] "processing 374 out of 374 experiments..."


PS:

Read file <4466095.stderr> for stderr output of this job.

